0 info it worked if it ends with ok
1 verbose cli [ '/usr/local/Cellar/node/6.3.1/bin/node',
1 verbose cli   '/usr/local/bin/npm',
1 verbose cli   'publish',
1 verbose cli   './' ]
2 info using npm@3.10.3
3 info using node@v6.3.1
4 verbose publish [ './' ]
5 silly cache add args [ './', null ]
6 verbose cache add spec ./
7 silly cache add parsed spec Result {
7 silly cache add   raw: './',
7 silly cache add   scope: null,
7 silly cache add   escapedName: null,
7 silly cache add   name: null,
7 silly cache add   rawSpec: './',
7 silly cache add   spec: '/Users/leandro/Dropbox/labs/react-clipboard',
7 silly cache add   type: 'directory' }
8 verbose addLocalDirectory /Users/leandro/.npm/react-clipboard-component/1.0.0/package.tgz not in flight; packing
9 verbose correctMkdir /Users/leandro/.npm correctMkdir not in flight; initializing
10 info lifecycle react-clipboard-component@1.0.0~prepublish: react-clipboard-component@1.0.0
11 silly lifecycle react-clipboard-component@1.0.0~prepublish: no script for prepublish, continuing
12 verbose tar pack [ '/Users/leandro/.npm/react-clipboard-component/1.0.0/package.tgz',
12 verbose tar pack   '/Users/leandro/Dropbox/labs/react-clipboard' ]
13 verbose tarball /Users/leandro/.npm/react-clipboard-component/1.0.0/package.tgz
14 verbose folder /Users/leandro/Dropbox/labs/react-clipboard
15 verbose addLocalTarball adding from inside cache /Users/leandro/.npm/react-clipboard-component/1.0.0/package.tgz
16 verbose correctMkdir /Users/leandro/.npm correctMkdir not in flight; initializing
17 silly cache afterAdd react-clipboard-component@1.0.0
18 verbose afterAdd /Users/leandro/.npm/react-clipboard-component/1.0.0/package/package.json not in flight; writing
19 verbose correctMkdir /Users/leandro/.npm correctMkdir not in flight; initializing
20 verbose afterAdd /Users/leandro/.npm/react-clipboard-component/1.0.0/package/package.json written
21 silly publish { name: 'react-clipboard-component',
21 silly publish   version: '1.0.0',
21 silly publish   description: 'React Clipboard Component',
21 silly publish   main: 'index.js',
21 silly publish   scripts: { test: 'echo "Error: no test specified" && exit 1' },
21 silly publish   repository:
21 silly publish    { type: 'git',
21 silly publish      url: 'git+https://github.com/lehcosta/react-clipboard.git' },
21 silly publish   keywords: [ 'react' ],
21 silly publish   author: { name: 'Leandro Costa', email: 'leandrohernandes95@gmail.com' },
21 silly publish   license: 'ISC',
21 silly publish   bugs: { url: 'https://github.com/lehcosta/react-clipboard/issues' },
21 silly publish   homepage: 'https://github.com/lehcosta/react-clipboard#readme',
21 silly publish   dependencies:
21 silly publish    { clipboard: '^1.5.12',
21 silly publish      react: '^15.3.2',
21 silly publish      'react-dom': '^15.3.2' },
21 silly publish   readme: '# react-clipboard-component\n\nCopy to clipboard React component using [clipboard.js](https://npm.im/clipboard)\n\n## Instalation\n```sh\nnpm install --save react-clipboard-component\n',
21 silly publish   readmeFilename: 'readme.md',
21 silly publish   gitHead: 'e729e76ccd53bb86a83e92980b31bf4da07516d8',
21 silly publish   _id: 'react-clipboard-component@1.0.0',
21 silly publish   _shasum: '137c8d29eab8a2e0815ab2cf5a14c0a94d0a4335',
21 silly publish   _from: '.' }
22 verbose getPublishConfig undefined
23 silly mapToRegistry name react-clipboard-component
24 silly mapToRegistry using default registry
25 silly mapToRegistry registry https://registry.npmjs.org/
26 silly mapToRegistry data Result {
26 silly mapToRegistry   raw: 'react-clipboard-component',
26 silly mapToRegistry   scope: null,
26 silly mapToRegistry   escapedName: 'react-clipboard-component',
26 silly mapToRegistry   name: 'react-clipboard-component',
26 silly mapToRegistry   rawSpec: '',
26 silly mapToRegistry   spec: 'latest',
26 silly mapToRegistry   type: 'tag' }
27 silly mapToRegistry uri https://registry.npmjs.org/react-clipboard-component
28 verbose publish registryBase https://registry.npmjs.org/
29 silly publish uploading /Users/leandro/.npm/react-clipboard-component/1.0.0/package.tgz
30 verbose request uri https://registry.npmjs.org/react-clipboard-component
31 verbose request sending authorization for write operation
32 info attempt registry request try #1 at 12:09:53 AM
33 verbose request using bearer token for auth
34 verbose request id 7bfa94f7631027a9
35 http request PUT https://registry.npmjs.org/react-clipboard-component
36 http 403 https://registry.npmjs.org/react-clipboard-component
37 verbose headers { 'content-type': 'application/json',
37 verbose headers   'cache-control': 'max-age=300',
37 verbose headers   'content-length': '95',
37 verbose headers   'accept-ranges': 'bytes',
37 verbose headers   date: 'Wed, 28 Sep 2016 03:09:54 GMT',
37 verbose headers   via: '1.1 varnish',
37 verbose headers   connection: 'keep-alive',
37 verbose headers   'x-served-by': 'cache-gru7124-GRU',
37 verbose headers   'x-cache': 'MISS',
37 verbose headers   'x-cache-hits': '0',
37 verbose headers   'x-timer': 'S1475032193.361220,VS0,VE760',
37 verbose headers   vary: 'Accept-Encoding' }
38 verbose request invalidating /Users/leandro/.npm/registry.npmjs.org/react-clipboard-component on PUT
39 error publish Failed PUT 403
40 verbose stack Error: "You cannot publish over the previously published version 1.0.0." : react-clipboard-component
40 verbose stack     at makeError (/usr/local/lib/node_modules/npm/node_modules/npm-registry-client/lib/request.js:264:12)
40 verbose stack     at CachingRegistryClient.<anonymous> (/usr/local/lib/node_modules/npm/node_modules/npm-registry-client/lib/request.js:252:14)
40 verbose stack     at Request._callback (/usr/local/lib/node_modules/npm/node_modules/npm-registry-client/lib/request.js:172:14)
40 verbose stack     at Request.self.callback (/usr/local/lib/node_modules/npm/node_modules/request/request.js:200:22)
40 verbose stack     at emitTwo (events.js:106:13)
40 verbose stack     at Request.emit (events.js:191:7)
40 verbose stack     at Request.<anonymous> (/usr/local/lib/node_modules/npm/node_modules/request/request.js:1067:10)
40 verbose stack     at emitOne (events.js:101:20)
40 verbose stack     at Request.emit (events.js:188:7)
40 verbose stack     at IncomingMessage.<anonymous> (/usr/local/lib/node_modules/npm/node_modules/request/request.js:988:12)
41 verbose statusCode 403
42 verbose pkgid react-clipboard-component
43 verbose cwd /Users/leandro/Dropbox/labs/react-clipboard
44 error Darwin 15.6.0
45 error argv "/usr/local/Cellar/node/6.3.1/bin/node" "/usr/local/bin/npm" "publish" "./"
46 error node v6.3.1
47 error npm  v3.10.3
48 error code E403
49 error "You cannot publish over the previously published version 1.0.0." : react-clipboard-component
50 error If you need help, you may report this error at:
50 error     <https://github.com/npm/npm/issues>
51 verbose exit [ 1, true ]
